# JRE version: OpenJDK Runtime Environment (8.0_152-b02) (build 1.8.0_152-release-1024-b02)
# Java VM: OpenJDK 64-Bit Server VM (25.152-b02 mixed mode windows-amd64 compressed oops)
Heap:
 PSYoungGen      total 291840K, used 110196K [0x00000000e0000000, 0x00000000f5380000, 0x0000000100000000)
  eden space 272896K, 39% used [0x00000000e0000000,0x00000000e6965200,0x00000000f0a80000)
  from space 18944K, 11% used [0x00000000f0a80000,0x00000000f0cb8000,0x00000000f1d00000)
  to   space 18432K, 0% used [0x00000000f4180000,0x00000000f4180000,0x00000000f5380000)
 ParOldGen       total 109056K, used 73377K [0x00000000a0000000, 0x00000000a6a80000, 0x00000000e0000000)
  object space 109056K, 67% used [0x00000000a0000000,0x00000000a47a84f0,0x00000000a6a80000)
 Metaspace       used 90387K, capacity 94788K, committed 94936K, reserved 1132544K
  class space    used 11486K, capacity 12414K, committed 12544K, reserved 1048576K
GC Heap History (10 events):
Event: 2051.423 GC heap before
{Heap before GC invocations=43 (full 4):
 PSYoungGen      total 220160K, used 203312K [0x00000000e0000000, 0x00000000eeb80000, 0x0000000100000000)
  eden space 200192K, 100% used [0x00000000e0000000,0x00000000ec380000,0x00000000ec380000)
  from space 19968K, 15% used [0x00000000ed800000,0x00000000edb0c030,0x00000000eeb80000)
  to   space 20480K, 0% used [0x00000000ec380000,0x00000000ec380000,0x00000000ed780000)
 ParOldGen       total 109056K, used 66456K [0x00000000a0000000, 0x00000000a6a80000, 0x00000000e0000000)
  object space 109056K, 60% used [0x00000000a0000000,0x00000000a40e62e8,0x00000000a6a80000)
 Metaspace       used 90207K, capacity 94576K, committed 94936K, reserved 1132544K
  class space    used 11485K, capacity 12414K, committed 12544K, reserved 1048576K
Event: 2051.448 GC heap after
Heap after GC invocations=43 (full 4):
 PSYoungGen      total 220672K, used 5600K [0x00000000e0000000, 0x00000000f1100000, 0x0000000100000000)
  eden space 200192K, 0% used [0x00000000e0000000,0x00000000e0000000,0x00000000ec380000)
  from space 20480K, 27% used [0x00000000ec380000,0x00000000ec8f8148,0x00000000ed780000)
  to   space 19968K, 0% used [0x00000000efd80000,0x00000000efd80000,0x00000000f1100000)
 ParOldGen       total 109056K, used 67848K [0x00000000a0000000, 0x00000000a6a80000, 0x00000000e0000000)
  object space 109056K, 62% used [0x00000000a0000000,0x00000000a4242328,0x00000000a6a80000)
 Metaspace       used 90207K, capacity 94576K, committed 94936K, reserved 1132544K
  class space    used 11485K, capacity 12414K, committed 12544K, reserved 1048576K
}
Event: 2053.086 GC heap before
{Heap before GC invocations=44 (full 4):
 PSYoungGen      total 220672K, used 205792K [0x00000000e0000000, 0x00000000f1100000, 0x0000000100000000)
  eden space 200192K, 100% used [0x00000000e0000000,0x00000000ec380000,0x00000000ec380000)
  from space 20480K, 27% used [0x00000000ec380000,0x00000000ec8f8148,0x00000000ed780000)
  to   space 19968K, 0% used [0x00000000efd80000,0x00000000efd80000,0x00000000f1100000)
 ParOldGen       total 109056K, used 67848K [0x00000000a0000000, 0x00000000a6a80000, 0x00000000e0000000)
  object space 109056K, 62% used [0x00000000a0000000,0x00000000a4242328,0x00000000a6a80000)
 Metaspace       used 90277K, capacity 94652K, committed 94936K, reserved 1132544K
  class space    used 11485K, capacity 12414K, committed 12544K, reserved 1048576K
Event: 2053.101 GC heap after
Heap after GC invocations=44 (full 4):
 PSYoungGen      total 254464K, used 2915K [0x00000000e0000000, 0x00000000f0e00000, 0x0000000100000000)
  eden space 237568K, 0% used [0x00000000e0000000,0x00000000e0000000,0x00000000ee800000)
  from space 16896K, 17% used [0x00000000efd80000,0x00000000f0058e20,0x00000000f0e00000)
  to   space 19456K, 0% used [0x00000000ee800000,0x00000000ee800000,0x00000000efb00000)
 ParOldGen       total 109056K, used 71488K [0x00000000a0000000, 0x00000000a6a80000, 0x00000000e0000000)
  object space 109056K, 65% used [0x00000000a0000000,0x00000000a45d0378,0x00000000a6a80000)
 Metaspace       used 90277K, capacity 94652K, committed 94936K, reserved 1132544K
  class space    used 11485K, capacity 12414K, committed 12544K, reserved 1048576K
}
Event: 2054.242 GC heap before
{Heap before GC invocations=45 (full 4):
 PSYoungGen      total 254464K, used 240483K [0x00000000e0000000, 0x00000000f0e00000, 0x0000000100000000)
  eden space 237568K, 100% used [0x00000000e0000000,0x00000000ee800000,0x00000000ee800000)
  from space 16896K, 17% used [0x00000000efd80000,0x00000000f0058e20,0x00000000f0e00000)
  to   space 19456K, 0% used [0x00000000ee800000,0x00000000ee800000,0x00000000efb00000)
 ParOldGen       total 109056K, used 71488K [0x00000000a0000000, 0x00000000a6a80000, 0x00000000e0000000)
  object space 109056K, 65% used [0x00000000a0000000,0x00000000a45d0378,0x00000000a6a80000)
 Metaspace       used 90295K, capacity 94656K, committed 94936K, reserved 1132544K
  class space    used 11485K, capacity 12414K, committed 12544K, reserved 1048576K
Event: 2054.257 GC heap after
Heap after GC invocations=45 (full 4):
 PSYoungGen      total 257024K, used 3902K [0x00000000e0000000, 0x00000000f3280000, 0x0000000100000000)
  eden space 237568K, 0% used [0x00000000e0000000,0x00000000e0000000,0x00000000ee800000)
  from space 19456K, 20% used [0x00000000ee800000,0x00000000eebcfbd0,0x00000000efb00000)
  to   space 19456K, 0% used [0x00000000f1f80000,0x00000000f1f80000,0x00000000f3280000)
 ParOldGen       total 109056K, used 72601K [0x00000000a0000000, 0x00000000a6a80000, 0x00000000e0000000)
  object space 109056K, 66% used [0x00000000a0000000,0x00000000a46e64b0,0x00000000a6a80000)
 Metaspace       used 90295K, capacity 94656K, committed 94936K, reserved 1132544K
  class space    used 11485K, capacity 12414K, committed 12544K, reserved 1048576K
}
Event: 2055.496 GC heap before
{Heap before GC invocations=46 (full 4):
 PSYoungGen      total 257024K, used 241470K [0x00000000e0000000, 0x00000000f3280000, 0x0000000100000000)
  eden space 237568K, 100% used [0x00000000e0000000,0x00000000ee800000,0x00000000ee800000)
  from space 19456K, 20% used [0x00000000ee800000,0x00000000eebcfbd0,0x00000000efb00000)
  to   space 19456K, 0% used [0x00000000f1f80000,0x00000000f1f80000,0x00000000f3280000)
 ParOldGen       total 109056K, used 72601K [0x00000000a0000000, 0x00000000a6a80000, 0x00000000e0000000)
  object space 109056K, 66% used [0x00000000a0000000,0x00000000a46e64b0,0x00000000a6a80000)
 Metaspace       used 90337K, capacity 94724K, committed 94936K, reserved 1132544K
  class space    used 11485K, capacity 12414K, committed 12544K, reserved 1048576K
Event: 2055.509 GC heap after
Heap after GC invocations=46 (full 4):
 PSYoungGen      total 289280K, used 3251K [0x00000000e0000000, 0x00000000f2f80000, 0x0000000100000000)
  eden space 272896K, 0% used [0x00000000e0000000,0x00000000e0000000,0x00000000f0a80000)
  from space 16384K, 19% used [0x00000000f1f80000,0x00000000f22aced8,0x00000000f2f80000)
  to   space 18944K, 0% used [0x00000000f0a80000,0x00000000f0a80000,0x00000000f1d00000)
 ParOldGen       total 109056K, used 73297K [0x00000000a0000000, 0x00000000a6a80000, 0x00000000e0000000)
  object space 109056K, 67% used [0x00000000a0000000,0x00000000a47944f0,0x00000000a6a80000)
 Metaspace       used 90337K, capacity 94724K, committed 94936K, reserved 1132544K
  class space    used 11485K, capacity 12414K, committed 12544K, reserved 1048576K
}
Event: 2057.058 GC heap before
{Heap before GC invocations=47 (full 4):
 PSYoungGen      total 289280K, used 276147K [0x00000000e0000000, 0x00000000f2f80000, 0x0000000100000000)
  eden space 272896K, 100% used [0x00000000e0000000,0x00000000f0a80000,0x00000000f0a80000)
  from space 16384K, 19% used [0x00000000f1f80000,0x00000000f22aced8,0x00000000f2f80000)
  to   space 18944K, 0% used [0x00000000f0a80000,0x00000000f0a80000,0x00000000f1d00000)
 ParOldGen       total 109056K, used 73297K [0x00000000a0000000, 0x00000000a6a80000, 0x00000000e0000000)
  object space 109056K, 67% used [0x00000000a0000000,0x00000000a47944f0,0x00000000a6a80000)
 Metaspace       used 90365K, capacity 94724K, committed 94936K, reserved 1132544K
  class space    used 11485K, capacity 12414K, committed 12544K, reserved 1048576K
Event: 2057.069 GC heap after
Heap after GC invocations=47 (full 4):
 PSYoungGen      total 291840K, used 2272K [0x00000000e0000000, 0x00000000f5380000, 0x0000000100000000)
  eden space 272896K, 0% used [0x00000000e0000000,0x00000000e0000000,0x00000000f0a80000)
  from space 18944K, 11% used [0x00000000f0a80000,0x00000000f0cb8000,0x00000000f1d00000)
  to   space 18432K, 0% used [0x00000000f4180000,0x00000000f4180000,0x00000000f5380000)
 ParOldGen       total 109056K, used 73377K [0x00000000a0000000, 0x00000000a6a80000, 0x00000000e0000000)
  object space 109056K, 67% used [0x00000000a0000000,0x00000000a47a84f0,0x00000000a6a80000)
 Metaspace       used 90365K, capacity 94724K, committed 94936K, reserved 1132544K
  class space    used 11485K, capacity 12414K, committed 12544K, reserved 1048576K
}

